<html>
<head>
<title>TestNG:  AllClassesFromPackage</title>
<link href="../testng.css" rel="stylesheet" type="text/css" />
<link href="../my-testng.css" rel="stylesheet" type="text/css" />

<style type="text/css">
.log { display: none;} 
.stack-trace { display: none;} 
</style>
<script type="text/javascript">
<!--
function flip(e) {
  current = e.style.display;
  if (current == 'block') {
    e.style.display = 'none';
    return 0;
  }
  else {
    e.style.display = 'block';
    return 1;
  }
}

function toggleBox(szDivId, elem, msg1, msg2)
{
  var res = -1;  if (document.getElementById) {
    res = flip(document.getElementById(szDivId));
  }
  else if (document.all) {
    // this is the way old msie versions work
    res = flip(document.all[szDivId]);
  }
  if(elem) {
    if(res == 0) elem.innerHTML = msg1; else elem.innerHTML = msg2;
  }

}

function toggleAllBoxes() {
  if (document.getElementsByTagName) {
    d = document.getElementsByTagName('div');
    for (i = 0; i < d.length; i++) {
      if (d[i].className == 'log') {
        flip(d[i]);
      }
    }
  }
}

// -->
</script>

</head>
<body>
<h2 align='center'>AllClassesFromPackage</h2><table border='1' align="center">
<tr>
<td>Tests passed/Failed/Skipped:</td><td>6/1/0</td>
</tr><tr>
<td>Started on:</td><td>Sun Mar 25 08:44:35 IST 2018</td>
</tr>
<tr><td>Total time:</td><td>343 seconds (343487 ms)</td>
</tr><tr>
<td>Included groups:</td><td></td>
</tr><tr>
<td>Excluded groups:</td><td></td>
</tr>
</table><p/>
<small><i>(Hover the method name to see the test class name)</i></small><p/>
<table width='100%' border='1' class='invocation-failed'>
<tr><td colspan='4' align='center'><b>FAILED TESTS</b></td></tr>
<tr><td><b>Test method</b></td>
<td width="30%"><b>Exception</b></td>
<td width="10%"><b>Time (seconds)</b></td>
<td><b>Instance</b></td>
</tr>
<tr>
<td title='basic.MyFirstSeleniumProjectChrome.method()'><b>method</b><br>Test class: basic.MyFirstSeleniumProjectChrome</td>
<td><div><pre>java.lang.AssertionError:  Documentation tab is missing expected [true] but found [false]
	at basic.MyFirstSeleniumProjectChrome.method(MyFirstSeleniumProjectChrome.java:57)
... Removed 28 stack frames</pre></div><a href='#' onClick='toggleBox("stack-trace457247584", this, "Click to show all stack frames", "Click to hide stack frames")'>Click to show all stack frames</a>
<div class='stack-trace' id='stack-trace457247584'><pre>java.lang.AssertionError:  Documentation tab is missing expected [true] but found [false]
	at org.testng.Assert.fail(Assert.java:96)
	at org.testng.Assert.failNotEquals(Assert.java:776)
	at org.testng.Assert.assertTrue(Assert.java:44)
	at basic.MyFirstSeleniumProjectChrome.method(MyFirstSeleniumProjectChrome.java:57)
	at sun.reflect.NativeMethodAccessorImpl.invoke0(Native Method)
	at sun.reflect.NativeMethodAccessorImpl.invoke(Unknown Source)
	at sun.reflect.DelegatingMethodAccessorImpl.invoke(Unknown Source)
	at java.lang.reflect.Method.invoke(Unknown Source)
	at org.testng.internal.MethodInvocationHelper.invokeMethod(MethodInvocationHelper.java:124)
	at org.testng.internal.Invoker.invokeMethod(Invoker.java:580)
	at org.testng.internal.Invoker.invokeTestMethod(Invoker.java:716)
	at org.testng.internal.Invoker.invokeTestMethods(Invoker.java:988)
	at org.testng.internal.TestMethodWorker.invokeTestMethods(TestMethodWorker.java:125)
	at org.testng.internal.TestMethodWorker.run(TestMethodWorker.java:109)
	at org.testng.TestRunner.privateRun(TestRunner.java:648)
	at org.testng.TestRunner.run(TestRunner.java:505)
	at org.testng.SuiteRunner.runTest(SuiteRunner.java:455)
	at org.testng.SuiteRunner.runSequentially(SuiteRunner.java:450)
	at org.testng.SuiteRunner.privateRun(SuiteRunner.java:415)
	at org.testng.SuiteRunner.run(SuiteRunner.java:364)
	at org.testng.SuiteRunnerWorker.runSuite(SuiteRunnerWorker.java:52)
	at org.testng.SuiteRunnerWorker.run(SuiteRunnerWorker.java:84)
	at org.testng.TestNG.runSuitesSequentially(TestNG.java:1208)
	at org.testng.TestNG.runSuitesLocally(TestNG.java:1137)
	at org.testng.TestNG.runSuites(TestNG.java:1049)
	at org.testng.TestNG.run(TestNG.java:1017)
	at org.testng.remote.AbstractRemoteTestNG.run(AbstractRemoteTestNG.java:114)
	at org.testng.remote.RemoteTestNG.initAndRun(RemoteTestNG.java:251)
	at org.testng.remote.RemoteTestNG.main(RemoteTestNG.java:77)
</pre></div></td>
<td>72</td>
<td>basic.MyFirstSeleniumProjectChrome@17579e0f</td></tr>
</table><p>
<table width='100%' border='1' class='invocation-passed'>
<tr><td colspan='4' align='center'><b>PASSED TESTS</b></td></tr>
<tr><td><b>Test method</b></td>
<td width="30%"><b>Exception</b></td>
<td width="10%"><b>Time (seconds)</b></td>
<td><b>Instance</b></td>
</tr>
<tr>
<td title='basic.MyBasicFormAssignment.method()'><b>method</b><br>Test class: basic.MyBasicFormAssignment</td>
<td></td>
<td>43</td>
<td>basic.MyBasicFormAssignment@15d0c81b</td></tr>
<tr>
<td title='basic.MyFirstSeleniumProjectFireFox.method()'><b>method</b><br>Test class: basic.MyFirstSeleniumProjectFireFox</td>
<td></td>
<td>50</td>
<td>basic.MyFirstSeleniumProjectFireFox@4d41cee</td></tr>
<tr>
<td title='basic.MyFirstSeleniumProjectIE.method()'><b>method</b><br>Test class: basic.MyFirstSeleniumProjectIE</td>
<td></td>
<td>64</td>
<td>basic.MyFirstSeleniumProjectIE@3712b94</td></tr>
<tr>
<td title='basic.MySeleniumAssignment2.method()'><b>method</b><br>Test class: basic.MySeleniumAssignment2</td>
<td></td>
<td>32</td>
<td>basic.MySeleniumAssignment2@2833cc44</td></tr>
<tr>
<td title='basic.MySeleniumAssignment3.method()'><b>method</b><br>Test class: basic.MySeleniumAssignment3</td>
<td></td>
<td>28</td>
<td>basic.MySeleniumAssignment3@33f88ab</td></tr>
<tr>
<td title='basic.MySeleniumAssignment4.method()'><b>method</b><br>Test class: basic.MySeleniumAssignment4</td>
<td></td>
<td>51</td>
<td>basic.MySeleniumAssignment4@27a8c74e</td></tr>
</table><p>
</body>
</html>